\BOOKMARK [0][-]{section*.1}{Agradecimientos}{}% 1
\BOOKMARK [0][-]{chapter.1}{Introducci\363n}{}% 2
\BOOKMARK [1][-]{section.1.1}{Resumen}{chapter.1}% 3
\BOOKMARK [1][-]{section.1.2}{Estados ligados en el continuo}{chapter.1}% 4
\BOOKMARK [1][-]{section.1.3}{Potenciales de von Neumann Wigner}{chapter.1}% 5
\BOOKMARK [2][-]{subsection.1.3.1}{M\351todo de von Neumann Wigner}{section.1.3}% 6
\BOOKMARK [0][-]{chapter.2}{Transformaci\363n de Darboux}{}% 7
\BOOKMARK [1][-]{section.2.1}{Esquema general}{chapter.2}% 8
\BOOKMARK [2][-]{subsection.2.1.1}{Ejemplo: Oscilador arm\363nico}{section.2.1}% 9
\BOOKMARK [1][-]{section.2.2}{Transformaci\363n de Darboux de orden superior}{chapter.2}% 10
\BOOKMARK [1][-]{section.2.3}{Transformaci\363n de Darboux degenerada}{chapter.2}% 11
\BOOKMARK [0][-]{chapter.3}{Potenciales de corto alcance}{}% 12
\BOOKMARK [1][-]{subsection.3.0.1}{Estados ligados}{chapter.3}% 13
\BOOKMARK [2][-]{subsection.3.0.2}{Estados de dispresi\363n}{subsection.3.0.1}% 14
\BOOKMARK [0][-]{chapter.4}{Potenciales de corto alcance Darboux - deformados}{}% 15
\BOOKMARK [1][-]{section.4.1}{Problema de part\355cula libre}{chapter.4}% 16
\BOOKMARK [1][-]{section.4.2}{Potenciales de corto alcance Darboux - deformados}{chapter.4}% 17
\BOOKMARK [2][-]{subsection.4.2.1}{Comportamiento del sistema deformado en el origen}{section.4.2}% 18
\BOOKMARK [2][-]{subsection.4.2.2}{Potencial radial Darboux - deformado}{section.4.2}% 19
\BOOKMARK [2][-]{subsection.4.2.3}{Estados ligados}{section.4.2}% 20
\BOOKMARK [2][-]{subsection.4.2.4}{Espectro de dispersi\363n}{section.4.2}% 21
\BOOKMARK [2][-]{subsection.4.2.5}{Estado ligado en el continuo}{section.4.2}% 22
\BOOKMARK [2][-]{subsection.4.2.6}{Perturbaci\363n delta}{section.4.2}% 23
\BOOKMARK [1][-]{section.4.3}{Pozo radial}{chapter.4}% 24
\BOOKMARK [2][-]{subsection.4.3.1}{Estados ligados}{section.4.3}% 25
\BOOKMARK [2][-]{subsection.4.3.2}{Estados de dispersi\363n.}{section.4.3}% 26
\BOOKMARK [2][-]{subsection.4.3.3}{Sistema deformado}{section.4.3}% 27
\BOOKMARK [1][-]{section.4.4}{Oscilador arm\363nico truncado}{chapter.4}% 28
\BOOKMARK [2][-]{subsection.4.4.1}{Estados ligados}{section.4.4}% 29
\BOOKMARK [2][-]{subsection.4.4.2}{Estados de dispersi\363n}{section.4.4}% 30
\BOOKMARK [2][-]{subsection.4.4.3}{Oscilador arm\363nico truncado deformado}{section.4.4}% 31
\BOOKMARK [1][-]{section.4.5}{Deformaci\363n parcial}{chapter.4}% 32
\BOOKMARK [0][-]{chapter.5}{Resonancias en mec\341nica cu\341ntica}{}% 33
\BOOKMARK [1][-]{section.5.1}{Ecuaci\363n de Schr\366dinger en coordenadas esf\351ricas}{chapter.5}% 34
\BOOKMARK [1][-]{section.5.2}{Dispersi\363n en mec\341nica cu\341ntica en tres dimensiones}{chapter.5}% 35
\BOOKMARK [0][-]{chapter.6}{Conclusiones}{}% 36
\BOOKMARK [0][-]{section*.24}{Bibliograf\355a}{}% 37
